This is pdfTeX, Version 3.1415926-1.40.10 (MiKTeX 2.8) (preloaded format=pdflatex 2011.12.30)  9 FEB 2012 10:43
entering extended mode
**I:/VisTrails/Central_VisTrails_x32_debug/VisTrails/vistrails/packages/sahm/Us
erManual.tex

(I:/VisTrails/Central_VisTrails_x32_debug/VisTrails/vistrails/packages/sahm/Use
rManual.tex
LaTeX2e <2009/09/24>
Babel <v3.8l> and hyphenation patterns for english, dumylang, nohyphenation, ge
rman, ngerman, german-x-2009-06-19, ngerman-x-2009-06-19, french, loaded.
(C:\MiKTex\tex\latex\base\article.cls
Document Class: article 2007/10/19 v1.4h Standard LaTeX document class
(C:\MiKTex\tex\latex\base\size12.clo
File: size12.clo 2007/10/19 v1.4h Standard LaTeX file (size option)
)
\c@part=\count79
\c@section=\count80
\c@subsection=\count81
\c@subsubsection=\count82
\c@paragraph=\count83
\c@subparagraph=\count84
\c@figure=\count85
\c@table=\count86
\abovecaptionskip=\skip41
\belowcaptionskip=\skip42
\bibindent=\dimen102
)
(C:\MiKTex\tex\latex\ams\math\amsmath.sty
Package: amsmath 2000/07/18 v2.13 AMS math features
\@mathmargin=\skip43

For additional information on amsmath, use the `?' option.
(C:\MiKTex\tex\latex\ams\math\amstext.sty
Package: amstext 2000/06/29 v2.01

(C:\MiKTex\tex\latex\ams\math\amsgen.sty
File: amsgen.sty 1999/11/30 v2.0
\@emptytoks=\toks14
\ex@=\dimen103
))
(C:\MiKTex\tex\latex\ams\math\amsbsy.sty
Package: amsbsy 1999/11/29 v1.2d
\pmbraise@=\dimen104
)
(C:\MiKTex\tex\latex\ams\math\amsopn.sty
Package: amsopn 1999/12/14 v2.01 operator names
)
\inf@bad=\count87
LaTeX Info: Redefining \frac on input line 211.
\uproot@=\count88
\leftroot@=\count89
LaTeX Info: Redefining \overline on input line 307.
\classnum@=\count90
\DOTSCASE@=\count91
LaTeX Info: Redefining \ldots on input line 379.
LaTeX Info: Redefining \dots on input line 382.
LaTeX Info: Redefining \cdots on input line 467.
\Mathstrutbox@=\box26
\strutbox@=\box27
\big@size=\dimen105
LaTeX Font Info:    Redeclaring font encoding OML on input line 567.
LaTeX Font Info:    Redeclaring font encoding OMS on input line 568.
\macc@depth=\count92
\c@MaxMatrixCols=\count93
\dotsspace@=\muskip10
\c@parentequation=\count94
\dspbrk@lvl=\count95
\tag@help=\toks15
\row@=\count96
\column@=\count97
\maxfields@=\count98
\andhelp@=\toks16
\eqnshift@=\dimen106
\alignsep@=\dimen107
\tagshift@=\dimen108
\tagwidth@=\dimen109
\totwidth@=\dimen110
\lineht@=\dimen111
\@envbody=\toks17
\multlinegap=\skip44
\multlinetaggap=\skip45
\mathdisplay@stack=\toks18
LaTeX Info: Redefining \[ on input line 2666.
LaTeX Info: Redefining \] on input line 2667.
)
(C:\MiKTex\tex\latex\amsfonts\amssymb.sty
Package: amssymb 2009/06/22 v3.00

(C:\MiKTex\tex\latex\amsfonts\amsfonts.sty
Package: amsfonts 2009/06/22 v3.00 Basic AMSFonts support
\symAMSa=\mathgroup4
\symAMSb=\mathgroup5
LaTeX Font Info:    Overwriting math alphabet `\mathfrak' in version `bold'
(Font)                  U/euf/m/n --> U/euf/b/n on input line 96.
))
(C:\MiKTex\tex\latex\graphics\epsfig.sty
Package: epsfig 1999/02/16 v1.7a (e)psfig emulation (SPQR)

(C:\MiKTex\tex\latex\graphics\graphicx.sty
Package: graphicx 1999/02/16 v1.0f Enhanced LaTeX Graphics (DPC,SPQR)

(C:\MiKTex\tex\latex\graphics\keyval.sty
Package: keyval 1999/03/16 v1.13 key=value parser (DPC)
\KV@toks@=\toks19
)
(C:\MiKTex\tex\latex\graphics\graphics.sty
Package: graphics 2009/02/05 v1.0o Standard LaTeX Graphics (DPC,SPQR)

(C:\MiKTex\tex\latex\graphics\trig.sty
Package: trig 1999/03/16 v1.09 sin cos tan (DPC)
)
(C:\MiKTex\tex\latex\00miktex\graphics.cfg
File: graphics.cfg 2007/01/18 v1.5 graphics configuration of teTeX/TeXLive
)
Package graphics Info: Driver file: pdftex.def on input line 91.

(C:\MiKTex\tex\latex\pdftex-def\pdftex.def
File: pdftex.def 2010/02/14 v0.04n Graphics/color for pdfTeX
\Gread@gobject=\count99
))
\Gin@req@height=\dimen112
\Gin@req@width=\dimen113
)
\epsfxsize=\dimen114
\epsfysize=\dimen115
)
(C:\MiKTex\tex\latex\graphics\color.sty
Package: color 2005/11/14 v1.0j Standard LaTeX Color (DPC)
 (C:\MiKTex\tex\latex\00miktex\color.cfg
File: color.cfg 2007/01/18 v1.5 color configuration of teTeX/TeXLive
)
Package color Info: Driver file: pdftex.def on input line 130.
) (C:\MiKTex\tex\latex\ltxmisc\url.sty
\Urlmuskip=\muskip11
Package: url 2006/04/12  ver 3.3  Verb mode for urls, etc.
)
(C:\MiKTex\tex\latex\caption\caption.sty
Package: caption 2011/08/18 v3.2b Customizing captions (AR)

(C:\MiKTex\tex\latex\caption\caption3.sty
Package: caption3 2011/08/18 v1.3b caption3 kernel (AR)
\captionmargin=\dimen116
\captionmargin@=\dimen117
\captionwidth=\dimen118
\caption@indent=\dimen119
\caption@parindent=\dimen120
\caption@hangindent=\dimen121
)
\c@ContinuedFloat=\count100
)
(C:\MiKTex\tex\latex\oberdiek\epstopdf.sty
Package: epstopdf 2010/02/09 v2.5 Conversion with epstopdf on the fly (HO)

(C:\MiKTex\tex\latex\oberdiek\epstopdf-base.sty
Package: epstopdf-base 2010/02/09 v2.5 Base part for package epstopdf

(C:\MiKTex\tex\generic\oberdiek\infwarerr.sty
Package: infwarerr 2010/04/08 v1.3 Providing info/warning/message (HO)
)
(C:\MiKTex\tex\latex\oberdiek\grfext.sty
Package: grfext 2007/09/30 v1.0 Managing graphics extensions (HO)
)
(C:\MiKTex\tex\latex\oberdiek\kvoptions.sty
Package: kvoptions 2010/02/22 v3.7 Keyval support for LaTeX options (HO)

(C:\MiKTex\tex\generic\oberdiek\kvsetkeys.sty
Package: kvsetkeys 2010/03/01 v1.9 Key value parser (HO)

(C:\MiKTex\tex\generic\oberdiek\etexcmds.sty
Package: etexcmds 2010/01/28 v1.3 Prefix for e-TeX command names (HO)
Package etexcmds Info: Could not find \expanded.
(etexcmds)             That can mean that you are not using pdfTeX 1.50 or
(etexcmds)             that some package has redefined \expanded.
(etexcmds)             In the latter case, load this package earlier.
)))
(C:\MiKTex\tex\generic\oberdiek\pdftexcmds.sty
Package: pdftexcmds 2010/04/01 v0.9 Utility functions of pdfTeX for LuaTeX (HO)


(C:\MiKTex\tex\generic\oberdiek\ifluatex.sty
Package: ifluatex 2010/03/01 v1.3 Provides the ifluatex switch (HO)
Package ifluatex Info: LuaTeX not detected.
)
(C:\MiKTex\tex\generic\oberdiek\ltxcmds.sty
Package: ltxcmds 2010/04/08 v1.5 LaTeX kernel commands for general use (HO)
)
Package pdftexcmds Info: LuaTeX not detected.
Package pdftexcmds Info: \pdf@primitive is available.
Package pdftexcmds Info: \pdf@ifprimitive is available.
)
Package grfext Info: Graphics extension search list:
(grfext)             [.png,.pdf,.jpg,.mps,.jpeg,.jbig2,.jb2,.PNG,.PDF,.JPG,.JPE
G,.JBIG2,.JB2,.eps]
(grfext)             \AppendGraphicsExtensions on input line 436.
))
(C:\MiKTex\tex\latex\hyperref\hyperref.sty
Package: hyperref 2010/03/30 v6.80u Hypertext links for LaTeX

(C:\MiKTex\tex\generic\oberdiek\pdfescape.sty
Package: pdfescape 2010/03/01 v1.9 Provides hex, PDF name and string conversion
s (HO)
)
(C:\MiKTex\tex\generic\oberdiek\ifpdf.sty
Package: ifpdf 2010/01/28 v2.1 Provides the ifpdf switch (HO)
Package ifpdf Info: pdfTeX in pdf mode detected.
)
(C:\MiKTex\tex\generic\oberdiek\ifvtex.sty
Package: ifvtex 2010/03/01 v1.5 Switches for detecting VTeX and its modes (HO)
Package ifvtex Info: VTeX not detected.
)
(C:\MiKTex\tex\latex\ifxetex\ifxetex.sty
Package: ifxetex 2009/01/23 v0.5 Provides ifxetex conditional
)
(C:\MiKTex\tex\latex\oberdiek\hycolor.sty
Package: hycolor 2009/12/12 v1.6 Color options of hyperref/bookmark (HO)

(C:\MiKTex\tex\latex\oberdiek\xcolor-patch.sty
Package: xcolor-patch 2009/12/12 xcolor patch
))
(C:\MiKTex\tex\latex\oberdiek\letltxmacro.sty
Package: letltxmacro 2008/06/24 v1.3 Let assignment for LaTeX macros (HO)
)
\@linkdim=\dimen122
\Hy@linkcounter=\count101
\Hy@pagecounter=\count102

(C:\MiKTex\tex\latex\hyperref\pd1enc.def
File: pd1enc.def 2010/03/30 v6.80u Hyperref: PDFDocEncoding definition (HO)
)
(C:\MiKTex\tex\generic\oberdiek\intcalc.sty
Package: intcalc 2007/09/27 v1.1 Expandable integer calculations (HO)
)
(C:\MiKTex\tex\latex\00miktex\hyperref.cfg
File: hyperref.cfg 2002/06/06 v1.2 hyperref configuration of TeXLive
)
Package hyperref Info: Option `bookmarks' set `true' on input line 3528.
Package hyperref Info: Hyper figures OFF on input line 3609.
Package hyperref Info: Link nesting OFF on input line 3614.
Package hyperref Info: Hyper index ON on input line 3617.
Package hyperref Info: Plain pages OFF on input line 3624.
Package hyperref Info: Backreferencing OFF on input line 3629.

Implicit mode ON; LaTeX internals redefined
Package hyperref Info: Bookmarks ON on input line 3825.
LaTeX Info: Redefining \url on input line 4105.
(C:\MiKTex\tex\generic\oberdiek\bitset.sty
Package: bitset 2007/09/28 v1.0 Data type bit set (HO)

(C:\MiKTex\tex\generic\oberdiek\bigintcalc.sty
Package: bigintcalc 2007/11/11 v1.1 Expandable big integer calculations (HO)
))
\Fld@menulength=\count103
\Field@Width=\dimen123
\Fld@charsize=\dimen124
\Field@toks=\toks20
Package hyperref Info: Hyper figures OFF on input line 5083.
Package hyperref Info: Link nesting OFF on input line 5088.
Package hyperref Info: Hyper index ON on input line 5091.
Package hyperref Info: backreferencing OFF on input line 5098.
Package hyperref Info: Link coloring OFF on input line 5103.
Package hyperref Info: Link coloring with OCG OFF on input line 5108.
Package hyperref Info: PDF/A mode OFF on input line 5113.
LaTeX Info: Redefining \ref on input line 5153.
LaTeX Info: Redefining \pageref on input line 5157.

(C:\MiKTex\tex\generic\oberdiek\atbegshi.sty
Package: atbegshi 2010/03/25 v1.12 At begin shipout hook (HO)
)
\Hy@abspage=\count104
\c@Item=\count105
\c@Hfootnote=\count106
)
* hyperref using driver hpdftex *
(C:\MiKTex\tex\latex\hyperref\hpdftex.def
File: hpdftex.def 2010/03/30 v6.80u Hyperref driver for pdfTeX

(C:\MiKTex\tex\latex\oberdiek\atveryend.sty
Package: atveryend 2010/03/24 v1.5 Hooks at very end of document (HO)
Package atveryend Info: \enddocument detected (standard).
)
\Fld@listcount=\count107
\c@bookmark@seq@number=\count108

(C:\MiKTex\tex\latex\oberdiek\rerunfilecheck.sty
Package: rerunfilecheck 2010/03/16 v1.6 Rerun checks for auxiliary files (HO)

(C:\MiKTex\tex\generic\oberdiek\uniquecounter.sty
Package: uniquecounter 2009/12/18 v1.1 Provides unlimited unique counter (HO)
)
Package uniquecounter Info: New unique counter `rerunfilecheck' on input line 2
71.
)
\Hy@SectionHShift=\skip46
)
(I:\VisTrails\Central_VisTrails_x32_debug\VisTrails\vistrails\packages\sahm\Use
rManual.aux)
LaTeX Font Info:    Checking defaults for OML/cmm/m/it on input line 12.
LaTeX Font Info:    ... okay on input line 12.
LaTeX Font Info:    Checking defaults for T1/cmr/m/n on input line 12.
LaTeX Font Info:    ... okay on input line 12.
LaTeX Font Info:    Checking defaults for OT1/cmr/m/n on input line 12.
LaTeX Font Info:    ... okay on input line 12.
LaTeX Font Info:    Checking defaults for OMS/cmsy/m/n on input line 12.
LaTeX Font Info:    ... okay on input line 12.
LaTeX Font Info:    Checking defaults for OMX/cmex/m/n on input line 12.
LaTeX Font Info:    ... okay on input line 12.
LaTeX Font Info:    Checking defaults for U/cmr/m/n on input line 12.
LaTeX Font Info:    ... okay on input line 12.
LaTeX Font Info:    Checking defaults for PD1/pdf/m/n on input line 12.
LaTeX Font Info:    ... okay on input line 12.
 (C:\MiKTex\tex\context\base\supp-pdf.tex
[Loading MPS to PDF converter (version 2006.09.02).]
\scratchcounter=\count109
\scratchdimen=\dimen125
\scratchbox=\box28
\nofMPsegments=\count110
\nofMParguments=\count111
\everyMPshowfont=\toks21
\MPscratchCnt=\count112
\MPscratchDim=\dimen126
\MPnumerator=\count113
\everyMPtoPDFconversion=\toks22
)
Package caption Info: Begin \AtBeginDocument code.
Package caption Info: hyperref package is loaded.
Package caption Info: End \AtBeginDocument code.
\AtBeginShipoutBox=\box29
Package hyperref Info: Link coloring OFF on input line 12.
 (C:\MiKTex\tex\latex\hyperref\nameref.sty
Package: nameref 2010/01/25 v2.36 Cross-referencing by name of section

(C:\MiKTex\tex\latex\oberdiek\refcount.sty
Package: refcount 2008/08/11 v3.1 Data extraction from references (HO)
)
(C:\MiKTex\tex\generic\oberdiek\gettitlestring.sty
Package: gettitlestring 2009/12/18 v1.3 Cleanup title references (HO)
)
\c@section@level=\count114
)
LaTeX Info: Redefining \ref on input line 12.
LaTeX Info: Redefining \pageref on input line 12.

(I:\VisTrails\Central_VisTrails_x32_debug\VisTrails\vistrails\packages\sahm\Use
rManual.out)
(I:\VisTrails\Central_VisTrails_x32_debug\VisTrails\vistrails\packages\sahm\Use
rManual.out)
\@outlinefile=\write3
LaTeX Font Info:    Try loading font information for U+msa on input line 19.
 (C:\MiKTex\tex\latex\amsfonts\umsa.fd
File: umsa.fd 2009/06/22 v3.00 AMS symbols A
)
LaTeX Font Info:    Try loading font information for U+msb on input line 19.

(C:\MiKTex\tex\latex\amsfonts\umsb.fd
File: umsb.fd 2009/06/22 v3.00 AMS symbols B
) [1

{C:/Users/mtalbert/AppData/Local/MiKTeX/2.8/pdftex/config/pdftex.map}]
(I:\VisTrails\Central_VisTrails_x32_debug\VisTrails\vistrails\packages\sahm\Use
rManual.toc [2])
\tf@toc=\write4
 [3] [4]
LaTeX Font Info:    Try loading font information for OMS+cmr on input line 61.
 (C:\MiKTex\tex\latex\base\omscmr.fd
File: omscmr.fd 1999/05/25 v2.5h Standard LaTeX font definitions
)
LaTeX Font Info:    Font shape `OMS/cmr/m/n' in size <12> not available
(Font)              Font shape `OMS/cmsy/m/n' tried instead on input line 61.
 [5] [6] [7]
[8]
Missing character: There is no “ in font cmr12!
Missing character: There is no ” in font cmr12!
 [9]
Overfull \hbox (3.72643pt too wide) in paragraph at lines 317--318
[]\OT1/cmr/m/n/12 `modelWorkspace' port of SAH-M-Mod-e-lOut-putView-er-Cell for
 view-
 []


Overfull \hbox (3.07782pt too wide) in paragraph at lines 318--320
[]\OT1/cmr/m/n/12 `modelWorkspace' port of SAHMSpa-tialOut-pu-View-er-Cell for 
view-
 []

[10] [11] [12]
Missing character: There is no – in font cmr12!
Missing character: There is no – in font cmr12!
Missing character: There is no – in font cmr12!
Missing character: There is no – in font cmr12!
 [13]
Missing character: There is no “ in font cmr12!
Missing character: There is no ” in font cmr12!
Missing character: There is no “ in font cmr12!
Missing character: There is no ” in font cmr12!
 [14] [15] [16] [17]
Overfull \hbox (6.94453pt too wide) in paragraph at lines 615--617
[]\OT1/cmr/m/n/12 Currently only GLM, MARS, and Boosted Re-gres-sion Trees ac-c
ept weights.
 []

[18] [19]
Overfull \hbox (17.66528pt too wide) in paragraph at lines 679--680
[]\OT1/cmr/m/n/12 EPSG codes can also be looked up at: http://spatialreference.
org/ref/ 
 []


Overfull \hbox (15.83752pt too wide) in paragraph at lines 680--682
\OT1/cmr/m/n/12 nate sys-tem you can find the EPSG us-ing: http://prj2epsg.org/
search 
 []

[20] [21] [22] [23]
Overfull \hbox (12.37776pt too wide) in paragraph at lines 852--854
[]\OT1/cmr/m/n/12 FieldDataAggregateAndWeight Field-Data - For col-laps-ing or 
weight-
 []

[24] [25] [26]
Overfull \hbox (3.72643pt too wide) in paragraph at lines 980--981
[]\OT1/cmr/m/n/12 'modelWorkspace` port of SAH-M-Mod-e-lOut-putView-er-Cell for
 view-
 []


Overfull \hbox (3.07782pt too wide) in paragraph at lines 981--983
[]\OT1/cmr/m/n/12 'modelWorkspace` port of SAHMSpa-tialOut-pu-View-er-Cell for 
view-
 []

[27] [28] [29]
Missing character: There is no – in font cmr12!
Missing character: There is no – in font cmr12!
Missing character: There is no – in font cmr12!
 [30] [31] [32]
Overfull \hbox (3.72643pt too wide) in paragraph at lines 1199--1200
[]\OT1/cmr/m/n/12 'modelWorkspace` port of SAH-M-Mod-e-lOut-putView-er-Cell for
 view-
 []


Overfull \hbox (3.07782pt too wide) in paragraph at lines 1200--1202
[]\OT1/cmr/m/n/12 'modelWorkspace` port of SAHMSpa-tialOut-pu-View-er-Cell for 
view-
 []

[33] [34]
Missing character: There is no – in font cmr12!
Missing character: There is no – in font cmr12!
 [35]
Missing character: There is no – in font cmr12!
 [36] [37] [38] [39] [40] [41]
Overfull \hbox (3.63393pt too wide) in paragraph at lines 1540--1550
[]\OT1/cmr/m/it/12 trainingProportion \OT1/cmr/m/n/12 (op-tional) This is the p
ro-por-tion of the sam-ple points
 []

Missing character: There is no ‘ in font cmr12!
[42] [43] [44] [45] [46] [47] [48]
Overfull \hbox (3.63393pt too wide) in paragraph at lines 1793--1803
[]\OT1/cmr/m/it/12 trainingProportion \OT1/cmr/m/n/12 (op-tional) This is the p
ro-por-tion of the sam-ple points
 []

Missing character: There is no ‘ in font cmr12!
[49] [50] [51] [52]
Overfull \hbox (46.88159pt too wide) in paragraph at lines 1959--1961
[]\OT1/cmr/m/it/12 multipleCores \OT1/cmr/m/n/12 (op-tional) Op-tion of run-nin
g pro-cess-ing on mul-ti-ple threads/cores. 
 []

[53] [54] [55] [56] [57] [58] [59] [60]
Overfull \hbox (75.52156pt too wide) in paragraph at lines 2286--2289
\OT1/cmr/m/n/12 web-site for de-tails http://cran.r-project.org/web/packages/ra
ndomForest/index.html. 
 []


Overfull \hbox (75.52156pt too wide) in paragraph at lines 2291--2294
\OT1/cmr/m/n/12 web-site for de-tails http://cran.r-project.org/web/packages/ra
ndomForest/index.html. 
 []


Overfull \hbox (75.52156pt too wide) in paragraph at lines 2303--2306
\OT1/cmr/m/n/12 web-site for de-tails http://cran.r-project.org/web/packages/ra
ndomForest/index.html. 
 []


Overfull \hbox (5.23438pt too wide) in paragraph at lines 2315--2318
[]\OT1/cmr/m/it/12 maxnodes \OT1/cmr/m/n/12 (op-tional) See the ran-dom-For-est
 doc-u-men-ta-tion on the CRAN
 []


Overfull \hbox (75.52156pt too wide) in paragraph at lines 2315--2318
\OT1/cmr/m/n/12 web-site for de-tails http://cran.r-project.org/web/packages/ra
ndomForest/index.html. 
 []


Overfull \hbox (112.881pt too wide) in paragraph at lines 2327--2330
\OT1/cmr/m/n/12 CRAN web-site for de-tails http://cran.r-project.org/web/packag
es/randomForest/index.html. 
 []

[61]
Overfull \hbox (75.52156pt too wide) in paragraph at lines 2339--2342
\OT1/cmr/m/n/12 web-site for de-tails http://cran.r-project.org/web/packages/ra
ndomForest/index.html. 
 []


Overfull \hbox (4.24548pt too wide) in paragraph at lines 2351--2354
[]\OT1/cmr/m/it/12 proximity \OT1/cmr/m/n/12 (op-tional) See the ran-dom-For-es
t doc-u-men-ta-tion on the CRAN
 []


Overfull \hbox (75.52156pt too wide) in paragraph at lines 2351--2354
\OT1/cmr/m/n/12 web-site for de-tails http://cran.r-project.org/web/packages/ra
ndomForest/index.html. 
 []


Overfull \hbox (75.52156pt too wide) in paragraph at lines 2363--2366
\OT1/cmr/m/n/12 web-site for de-tails http://cran.r-project.org/web/packages/ra
ndomForest/index.html. 
 []


Overfull \hbox (112.881pt too wide) in paragraph at lines 2375--2378
\OT1/cmr/m/n/12 CRAN web-site for de-tails http://cran.r-project.org/web/packag
es/randomForest/index.html. 
 []


Overfull \hbox (75.52156pt too wide) in paragraph at lines 2387--2390
\OT1/cmr/m/n/12 web-site for de-tails http://cran.r-project.org/web/packages/ra
ndomForest/index.html. 
 []

[62]
Overfull \hbox (8.99556pt too wide) in paragraph at lines 2399--2402
[]\OT1/cmr/m/it/12 keepForest \OT1/cmr/m/n/12 (op-tional) See the ran-dom-For-e
st doc-u-men-ta-tion on the CRAN
 []


Overfull \hbox (75.52156pt too wide) in paragraph at lines 2399--2402
\OT1/cmr/m/n/12 web-site for de-tails http://cran.r-project.org/web/packages/ra
ndomForest/index.html. 
 []


Overfull \hbox (3.72643pt too wide) in paragraph at lines 2422--2423
[]\OT1/cmr/m/n/12 'modelWorkspace` port of SAH-M-Mod-e-lOut-putView-er-Cell for
 view-
 []


Overfull \hbox (3.07782pt too wide) in paragraph at lines 2423--2425
[]\OT1/cmr/m/n/12 'modelWorkspace` port of SAHMSpa-tialOut-pu-View-er-Cell for 
view-
 []

[63] [64]
Missing character: There is no – in font cmr12!
Missing character: There is no – in font cmr12!
 [65]
Missing character: There is no – in font cmr12!
 [66]
Overfull \hbox (128.02596pt too wide) in paragraph at lines 2567--2570
\OT1/cmr/m/n/12 com-plete list see the 'com-piled by de-fault` op-tions at http
://www.gdal.org/formats[]list.html
 []


Overfull \hbox (46.88159pt too wide) in paragraph at lines 2572--2574
[]\OT1/cmr/m/it/12 multipleCores \OT1/cmr/m/n/12 (op-tional) Op-tion of run-nin
g pro-cess-ing on mul-ti-ple threads/cores. 
 []

[67] [68] [69] [70] [71]
Overfull \hbox (30.92061pt too wide) in paragraph at lines 2766--2767
[]\OT1/cmr/m/n/12 The 'Tem-plate-Layer` in-put port of the Field-DataAg-gre-ga-
tio-nAndWeight
 []

Package atveryend Info: Empty hook `BeforeClearDocument' on input line 2782.
[72]
Package atveryend Info: Empty hook `AfterLastShipout' on input line 2782.

(I:\VisTrails\Central_VisTrails_x32_debug\VisTrails\vistrails\packages\sahm\Use
rManual.aux)
Package atveryend Info: Executing hook `AtVeryEndDocument' on input line 2782.
Package rerunfilecheck Info: File `UserManual.out' has not changed.
(rerunfilecheck)             Checksum: 3107133A81CED6D3084B3D6EC1881BC5;1529.
 ) 
Here is how much of TeX's memory you used:
 6763 strings out of 495285
 99010 string characters out of 3181932
 175748 words of memory out of 3000000
 9695 multiletter control sequences out of 15000+200000
 13057 words of font info for 50 fonts, out of 3000000 for 9000
 14 hyphenation exceptions out of 8191
 41i,6n,38p,841b,442s stack positions out of 5000i,500n,10000p,200000b,50000s
<C:/MiKTex/fonts/type1/public/amsfonts/cm/cmbx12.pfb><C:/MiKTex/fonts/type1/p
ublic/amsfonts/cm/cmmi12.pfb><C:/MiKTex/fonts/type1/public/amsfonts/cm/cmr12.pf
b><C:/MiKTex/fonts/type1/public/amsfonts/cm/cmr17.pfb><C:/MiKTex/fonts/type1/pu
blic/amsfonts/cm/cmr8.pfb><C:/MiKTex/fonts/type1/public/amsfonts/cm/cmsy10.pfb>
<C:/MiKTex/fonts/type1/public/amsfonts/cm/cmti12.pfb>
Output written on UserManual.pdf (72 pages, 263175 bytes).
PDF statistics:
 570 PDF objects out of 1000 (max. 8388607)
 157 named destinations out of 1000 (max. 500000)
 233 words of extra memory for PDF output out of 10000 (max. 10000000)

