\BOOKMARK [1][-]{section.1}{Introduction}{}% 1
\BOOKMARK [1][-]{section.2}{AggregationMethod}{}% 2
\BOOKMARK [1][-]{section.3}{BoostedRegressionTree}{}% 3
\BOOKMARK [1][-]{section.4}{CovariateCorrelationAndSelection}{}% 4
\BOOKMARK [1][-]{section.5}{FieldData}{}% 5
\BOOKMARK [1][-]{section.6}{FieldDataAggregateAndWeight}{}% 6
\BOOKMARK [1][-]{section.7}{FieldDataQuery}{}% 7
\BOOKMARK [1][-]{section.8}{GLM}{}% 8
\BOOKMARK [1][-]{section.9}{MARS}{}% 9
\BOOKMARK [1][-]{section.10}{MAXENT}{}% 10
\BOOKMARK [1][-]{section.11}{MDSBuilder}{}% 11
\BOOKMARK [1][-]{section.12}{MergedDataSet}{}% 12
\BOOKMARK [1][-]{section.13}{Model}{}% 13
\BOOKMARK [1][-]{section.14}{ModelEvaluationSplit}{}% 14
\BOOKMARK [1][-]{section.15}{ModelOutputType}{}% 15
\BOOKMARK [1][-]{section.16}{ModelSelectionCrossValidation}{}% 16
\BOOKMARK [1][-]{section.17}{ModelSelectionSplit}{}% 17
\BOOKMARK [1][-]{section.18}{PARC}{}% 18
\BOOKMARK [1][-]{section.19}{PointAggregationMethod}{}% 19
\BOOKMARK [1][-]{section.20}{Predictor}{}% 20
\BOOKMARK [1][-]{section.21}{PredictorList}{}% 21
\BOOKMARK [1][-]{section.22}{PredictorListFile}{}% 22
\BOOKMARK [1][-]{section.23}{RandomForest}{}% 23
\BOOKMARK [1][-]{section.24}{RasterFormatConverter}{}% 24
\BOOKMARK [1][-]{section.25}{ResampleMethod}{}% 25
\BOOKMARK [1][-]{section.26}{ResponseType}{}% 26
\BOOKMARK [1][-]{section.27}{SAHMModelOutputViewerCell}{}% 27
\BOOKMARK [1][-]{section.28}{SAHMSpatialOutputViewerCell}{}% 28
\BOOKMARK [1][-]{section.29}{TemplateLayer}{}% 29
